2026-04-05 18:29:03,757 [Worker-5: Loading available Gradle versions] INFO  o.e.b.c.i.u.g.PublishedGradleVersions - Gradle version information cache is not available. Remote download required.
2026-04-05 18:29:36,030 [Worker-23: Importing Maven projects] INFO  o.e.m.c.i.l.LifecycleMappingFactory - Using org.eclipse.m2e.jdt.JarLifecycleMapping lifecycle mapping for MavenProject: com.tobi:questionbank:0.0.1-SNAPSHOT @ C:\Users\User\Downloads\QuestionBank-backend\QuestionBank-backend\questionbank\pom.xml.
2026-04-05 18:29:37,890 [Worker-23: Importing Maven projects] INFO  o.e.m.j.i.AbstractJavaProjectConfigurator - Adding source folder /questionbank/src/main/java
2026-04-05 18:29:37,891 [Worker-23: Importing Maven projects] INFO  o.e.m.j.i.AbstractJavaProjectConfigurator - Adding resource folder /questionbank/src/main/resources
2026-04-05 18:29:37,898 [Worker-23: Importing Maven projects] INFO  o.e.m.j.i.AbstractJavaProjectConfigurator - Adding resource folder /questionbank/src/main/resources
2026-04-05 18:29:37,903 [Worker-23: Importing Maven projects] INFO  o.e.m.j.i.AbstractJavaProjectConfigurator - Adding source folder /questionbank/src/test/java
2026-04-05 18:29:37,904 [Worker-23: Importing Maven projects] INFO  o.e.m.j.i.AbstractJavaProjectConfigurator - Adding resource folder /questionbank/src/test/resources
2026-04-05 18:29:38,991 [Worker-23: Importing Maven projects] INFO  o.e.m.c.i.p.ProjectConfigurationManager - Imported and configured 1 project(s) in 4 sec
2026-04-05 18:29:40,638 [Worker-16: Building] INFO  o.a.m.s.f.DefaultMavenResourcesFiltering - Copying 1 resource from src\main\resources to target\classes
2026-04-05 18:29:40,661 [Worker-16: Building] INFO  o.a.m.s.f.DefaultMavenResourcesFiltering - Copying 0 resource from src\main\resources to target\classes
2026-04-05 18:29:40,666 [Worker-16: Building] INFO  o.a.m.s.f.DefaultMavenResourcesFiltering - skip non existing resourceDirectory C:\Users\User\Downloads\QuestionBank-backend\QuestionBank-backend\questionbank\src\test\resources
2026-04-05 19:23:19,993 [Worker-36: Building] INFO  o.a.m.s.f.DefaultMavenResourcesFiltering - Copying 0 resource from src\main\resources to target\classes
2026-04-05 19:23:20,000 [Worker-36: Building] INFO  o.a.m.s.f.DefaultMavenResourcesFiltering - Copying 12 resources from src\main\resources to target\classes
2026-04-05 19:23:20,071 [Worker-36: Building] INFO  o.a.m.s.f.DefaultMavenResourcesFiltering - skip non existing resourceDirectory C:\Users\User\Downloads\QuestionBank-backend\QuestionBank-backend\questionbank\src\test\resources
2026-04-05 19:25:27,594 [Worker-36: Building] INFO  o.a.m.s.f.DefaultMavenResourcesFiltering - Copying 1 resource from src\main\resources to target\classes
2026-04-05 19:25:27,660 [Worker-36: Building] INFO  o.a.m.s.f.DefaultMavenResourcesFiltering - Copying 12 resources from src\main\resources to target\classes
2026-04-05 19:25:27,685 [Worker-36: Building] INFO  o.a.m.s.f.DefaultMavenResourcesFiltering - skip non existing resourceDirectory C:\Users\User\Downloads\QuestionBank-backend\QuestionBank-backend\questionbank\src\test\resources
2026-04-05 19:25:50,988 [Worker-42: Building] INFO  o.a.m.s.f.DefaultMavenResourcesFiltering - Copying 1 resource from src\main\resources to target\classes
2026-04-05 19:25:51,012 [Worker-42: Building] INFO  o.a.m.s.f.DefaultMavenResourcesFiltering - Copying 12 resources from src\main\resources to target\classes
2026-04-05 19:25:51,020 [Worker-42: Building] INFO  o.a.m.s.f.DefaultMavenResourcesFiltering - skip non existing resourceDirectory C:\Users\User\Downloads\QuestionBank-backend\QuestionBank-backend\questionbank\src\test\resources
2026-04-05 20:54:38,241 [Worker-59: Building] INFO  o.a.m.s.f.DefaultMavenResourcesFiltering - Copying 0 resource from src\main\resources to target\classes
2026-04-05 20:54:38,253 [Worker-59: Building] INFO  o.a.m.s.f.DefaultMavenResourcesFiltering - Copying 3 resources from src\main\resources to target\classes
2026-04-05 20:54:38,265 [Worker-59: Building] INFO  o.a.m.s.f.DefaultMavenResourcesFiltering - skip non existing resourceDirectory C:\Users\User\Downloads\QuestionBank-backend\QuestionBank-backend\questionbank\src\test\resources
2026-04-06 05:12:42,205 [Worker-101: Building] INFO  o.a.m.s.f.DefaultMavenResourcesFiltering - Copying 1 resource from src\main\resources to target\classes
2026-04-06 05:12:42,244 [Worker-101: Building] INFO  o.a.m.s.f.DefaultMavenResourcesFiltering - Copying 0 resource from src\main\resources to target\classes
2026-04-06 05:12:42,249 [Worker-101: Building] INFO  o.a.m.s.f.DefaultMavenResourcesFiltering - skip non existing resourceDirectory C:\Users\User\Downloads\QuestionBank-backend\QuestionBank-backend\questionbank\src\test\resources
2026-04-06 06:00:04,763 [Worker-109: Building] INFO  o.a.m.s.f.DefaultMavenResourcesFiltering - Copying 1 resource from src\main\resources to target\classes
2026-04-06 06:00:04,779 [Worker-109: Building] INFO  o.a.m.s.f.DefaultMavenResourcesFiltering - Copying 14 resources from src\main\resources to target\classes
2026-04-06 06:00:04,790 [Worker-109: Building] INFO  o.a.m.s.f.DefaultMavenResourcesFiltering - skip non existing resourceDirectory C:\Users\User\Downloads\QuestionBank-backend\QuestionBank-backend\questionbank\src\test\resources
2026-04-06 06:01:36,204 [Worker-110: Building] INFO  o.a.m.s.f.DefaultMavenResourcesFiltering - Copying 1 resource from src\main\resources to target\classes
2026-04-06 06:01:36,218 [Worker-110: Building] INFO  o.a.m.s.f.DefaultMavenResourcesFiltering - Copying 14 resources from src\main\resources to target\classes
2026-04-06 06:01:36,226 [Worker-110: Building] INFO  o.a.m.s.f.DefaultMavenResourcesFiltering - skip non existing resourceDirectory C:\Users\User\Downloads\QuestionBank-backend\QuestionBank-backend\questionbank\src\test\resources
2026-04-06 06:01:43,096 [Worker-106: Building] INFO  o.a.m.s.f.DefaultMavenResourcesFiltering - Copying 1 resource from src\main\resources to target\classes
2026-04-06 06:01:43,111 [Worker-106: Building] INFO  o.a.m.s.f.DefaultMavenResourcesFiltering - Copying 14 resources from src\main\resources to target\classes
2026-04-06 06:01:43,125 [Worker-106: Building] INFO  o.a.m.s.f.DefaultMavenResourcesFiltering - skip non existing resourceDirectory C:\Users\User\Downloads\QuestionBank-backend\QuestionBank-backend\questionbank\src\test\resources
2026-04-06 06:01:53,102 [Worker-107: Building] INFO  o.a.m.s.f.DefaultMavenResourcesFiltering - Copying 1 resource from src\main\resources to target\classes
2026-04-06 06:01:53,115 [Worker-107: Building] INFO  o.a.m.s.f.DefaultMavenResourcesFiltering - Copying 14 resources from src\main\resources to target\classes
2026-04-06 06:01:53,133 [Worker-107: Building] INFO  o.a.m.s.f.DefaultMavenResourcesFiltering - skip non existing resourceDirectory C:\Users\User\Downloads\QuestionBank-backend\QuestionBank-backend\questionbank\src\test\resources
2026-04-06 06:03:09,128 [Worker-109: Building] INFO  o.a.m.s.f.DefaultMavenResourcesFiltering - Copying 1 resource from src\main\resources to target\classes
2026-04-06 06:03:09,144 [Worker-109: Building] INFO  o.a.m.s.f.DefaultMavenResourcesFiltering - Copying 14 resources from src\main\resources to target\classes
2026-04-06 06:03:09,150 [Worker-109: Building] INFO  o.a.m.s.f.DefaultMavenResourcesFiltering - skip non existing resourceDirectory C:\Users\User\Downloads\QuestionBank-backend\QuestionBank-backend\questionbank\src\test\resources
2026-04-06 06:03:14,595 [Worker-109: Building] INFO  o.a.m.s.f.DefaultMavenResourcesFiltering - Copying 1 resource from src\main\resources to target\classes
2026-04-06 06:03:14,631 [Worker-109: Building] INFO  o.a.m.s.f.DefaultMavenResourcesFiltering - Copying 14 resources from src\main\resources to target\classes
2026-04-06 06:03:14,645 [Worker-109: Building] INFO  o.a.m.s.f.DefaultMavenResourcesFiltering - skip non existing resourceDirectory C:\Users\User\Downloads\QuestionBank-backend\QuestionBank-backend\questionbank\src\test\resources
2026-04-06 06:03:25,033 [Worker-105: Building] INFO  o.a.m.s.f.DefaultMavenResourcesFiltering - Copying 1 resource from src\main\resources to target\classes
2026-04-06 06:03:25,047 [Worker-105: Building] INFO  o.a.m.s.f.DefaultMavenResourcesFiltering - Copying 14 resources from src\main\resources to target\classes
2026-04-06 06:03:25,055 [Worker-105: Building] INFO  o.a.m.s.f.DefaultMavenResourcesFiltering - skip non existing resourceDirectory C:\Users\User\Downloads\QuestionBank-backend\QuestionBank-backend\questionbank\src\test\resources
2026-04-06 06:03:32,877 [Worker-107: Building] INFO  o.a.m.s.f.DefaultMavenResourcesFiltering - Copying 1 resource from src\main\resources to target\classes
2026-04-06 06:03:32,884 [Worker-107: Building] INFO  o.a.m.s.f.DefaultMavenResourcesFiltering - Copying 14 resources from src\main\resources to target\classes
2026-04-06 06:03:32,892 [Worker-107: Building] INFO  o.a.m.s.f.DefaultMavenResourcesFiltering - skip non existing resourceDirectory C:\Users\User\Downloads\QuestionBank-backend\QuestionBank-backend\questionbank\src\test\resources
2026-04-06 06:04:02,562 [Worker-110: Building] INFO  o.a.m.s.f.DefaultMavenResourcesFiltering - Copying 1 resource from src\main\resources to target\classes
2026-04-06 06:04:02,570 [Worker-110: Building] INFO  o.a.m.s.f.DefaultMavenResourcesFiltering - Copying 14 resources from src\main\resources to target\classes
2026-04-06 06:04:02,579 [Worker-110: Building] INFO  o.a.m.s.f.DefaultMavenResourcesFiltering - skip non existing resourceDirectory C:\Users\User\Downloads\QuestionBank-backend\QuestionBank-backend\questionbank\src\test\resources
2026-04-06 06:08:09,002 [Worker-111: Updating Maven Project] INFO  o.e.m.c.i.p.ProjectConfigurationManager - Update started
2026-04-06 06:08:09,680 [Worker-111: Updating Maven Project] INFO  o.e.m.c.i.l.LifecycleMappingFactory - Using org.eclipse.m2e.jdt.JarLifecycleMapping lifecycle mapping for MavenProject: com.tobi:questionbank:0.0.1-SNAPSHOT @ C:\Users\User\Downloads\QuestionBank-backend\QuestionBank-backend\questionbank\pom.xml.
2026-04-06 06:08:10,427 [Worker-111: Updating Maven Project] INFO  o.e.m.j.i.AbstractJavaProjectConfigurator - Adding source folder /questionbank/src/main/java
2026-04-06 06:08:10,428 [Worker-111: Updating Maven Project] INFO  o.e.m.j.i.AbstractJavaProjectConfigurator - Adding resource folder /questionbank/src/main/resources
2026-04-06 06:08:10,428 [Worker-111: Updating Maven Project] INFO  o.e.m.j.i.AbstractJavaProjectConfigurator - Adding resource folder /questionbank/src/main/resources
2026-04-06 06:08:10,429 [Worker-111: Updating Maven Project] INFO  o.e.m.j.i.AbstractJavaProjectConfigurator - Adding source folder /questionbank/src/test/java
2026-04-06 06:08:10,429 [Worker-111: Updating Maven Project] INFO  o.e.m.j.i.AbstractJavaProjectConfigurator - Adding resource folder /questionbank/src/test/resources
2026-04-06 06:08:11,004 [Worker-111: Updating Maven Project] INFO  o.e.m.c.i.p.ProjectConfigurationManager - Update completed for 1 poms: local refresh takes 0.00 sec, refresh facades takes 1.00 sec, update config takes 0.00 sec 
2026-04-06 06:08:11,729 [Worker-111: Building] INFO  o.a.m.s.f.DefaultMavenResourcesFiltering - Copying 1 resource from src\main\resources to target\classes
2026-04-06 06:08:11,752 [Worker-111: Building] INFO  o.a.m.s.f.DefaultMavenResourcesFiltering - Copying 14 resources from src\main\resources to target\classes
2026-04-06 06:08:11,772 [Worker-111: Building] INFO  o.a.m.s.f.DefaultMavenResourcesFiltering - skip non existing resourceDirectory C:\Users\User\Downloads\QuestionBank-backend\QuestionBank-backend\questionbank\src\test\resources
2026-04-06 06:13:32,829 [Worker-111: Building] INFO  o.a.m.s.f.DefaultMavenResourcesFiltering - Copying 0 resource from src\main\resources to target\classes
2026-04-06 06:13:32,833 [Worker-111: Building] INFO  o.a.m.s.f.DefaultMavenResourcesFiltering - Copying 0 resource from src\main\resources to target\classes
2026-04-06 06:13:32,839 [Worker-111: Building] INFO  o.a.m.s.f.DefaultMavenResourcesFiltering - skip non existing resourceDirectory C:\Users\User\Downloads\QuestionBank-backend\QuestionBank-backend\questionbank\src\test\resources
2026-04-06 06:13:34,268 [Worker-98: Building] INFO  o.a.m.s.f.DefaultMavenResourcesFiltering - Copying 0 resource from src\main\resources to target\classes
2026-04-06 06:13:34,270 [Worker-98: Building] INFO  o.a.m.s.f.DefaultMavenResourcesFiltering - Copying 1 resource from src\main\resources to target\classes
2026-04-06 06:13:34,277 [Worker-98: Building] INFO  o.a.m.s.f.DefaultMavenResourcesFiltering - skip non existing resourceDirectory C:\Users\User\Downloads\QuestionBank-backend\QuestionBank-backend\questionbank\src\test\resources
2026-04-06 06:13:48,652 [Worker-112: Building] INFO  o.a.m.s.f.DefaultMavenResourcesFiltering - Copying 1 resource from src\main\resources to target\classes
2026-04-06 06:13:48,688 [Worker-112: Building] INFO  o.a.m.s.f.DefaultMavenResourcesFiltering - Copying 14 resources from src\main\resources to target\classes
2026-04-06 06:13:48,706 [Worker-112: Building] INFO  o.a.m.s.f.DefaultMavenResourcesFiltering - skip non existing resourceDirectory C:\Users\User\Downloads\QuestionBank-backend\QuestionBank-backend\questionbank\src\test\resources
2026-04-06 06:14:03,124 [Worker-105: Building] INFO  o.a.m.s.f.DefaultMavenResourcesFiltering - Copying 1 resource from src\main\resources to target\classes
2026-04-06 06:14:03,135 [Worker-105: Building] INFO  o.a.m.s.f.DefaultMavenResourcesFiltering - Copying 14 resources from src\main\resources to target\classes
2026-04-06 06:14:03,144 [Worker-105: Building] INFO  o.a.m.s.f.DefaultMavenResourcesFiltering - skip non existing resourceDirectory C:\Users\User\Downloads\QuestionBank-backend\QuestionBank-backend\questionbank\src\test\resources
2026-04-06 06:14:13,817 [Worker-111: Building] INFO  o.a.m.s.f.DefaultMavenResourcesFiltering - Copying 1 resource from src\main\resources to target\classes
2026-04-06 06:14:13,823 [Worker-111: Building] INFO  o.a.m.s.f.DefaultMavenResourcesFiltering - Copying 14 resources from src\main\resources to target\classes
2026-04-06 06:14:13,828 [Worker-111: Building] INFO  o.a.m.s.f.DefaultMavenResourcesFiltering - skip non existing resourceDirectory C:\Users\User\Downloads\QuestionBank-backend\QuestionBank-backend\questionbank\src\test\resources
2026-04-06 06:14:24,912 [Worker-110: Building] INFO  o.a.m.s.f.DefaultMavenResourcesFiltering - Copying 1 resource from src\main\resources to target\classes
2026-04-06 06:14:24,920 [Worker-110: Building] INFO  o.a.m.s.f.DefaultMavenResourcesFiltering - Copying 14 resources from src\main\resources to target\classes
2026-04-06 06:14:24,928 [Worker-110: Building] INFO  o.a.m.s.f.DefaultMavenResourcesFiltering - skip non existing resourceDirectory C:\Users\User\Downloads\QuestionBank-backend\QuestionBank-backend\questionbank\src\test\resources
2026-04-06 06:14:36,203 [Worker-98: Building] INFO  o.a.m.s.f.DefaultMavenResourcesFiltering - Copying 1 resource from src\main\resources to target\classes
2026-04-06 06:14:36,212 [Worker-98: Building] INFO  o.a.m.s.f.DefaultMavenResourcesFiltering - Copying 14 resources from src\main\resources to target\classes
2026-04-06 06:14:36,218 [Worker-98: Building] INFO  o.a.m.s.f.DefaultMavenResourcesFiltering - skip non existing resourceDirectory C:\Users\User\Downloads\QuestionBank-backend\QuestionBank-backend\questionbank\src\test\resources
2026-04-06 06:15:11,181 [Worker-113: Building] INFO  o.a.m.s.f.DefaultMavenResourcesFiltering - Copying 1 resource from src\main\resources to target\classes
2026-04-06 06:15:11,187 [Worker-113: Building] INFO  o.a.m.s.f.DefaultMavenResourcesFiltering - Copying 14 resources from src\main\resources to target\classes
2026-04-06 06:15:11,193 [Worker-113: Building] INFO  o.a.m.s.f.DefaultMavenResourcesFiltering - skip non existing resourceDirectory C:\Users\User\Downloads\QuestionBank-backend\QuestionBank-backend\questionbank\src\test\resources
2026-04-06 06:15:38,807 [Worker-110: Building] INFO  o.a.m.s.f.DefaultMavenResourcesFiltering - Copying 1 resource from src\main\resources to target\classes
2026-04-06 06:15:38,816 [Worker-110: Building] INFO  o.a.m.s.f.DefaultMavenResourcesFiltering - Copying 14 resources from src\main\resources to target\classes
2026-04-06 06:15:38,823 [Worker-110: Building] INFO  o.a.m.s.f.DefaultMavenResourcesFiltering - skip non existing resourceDirectory C:\Users\User\Downloads\QuestionBank-backend\QuestionBank-backend\questionbank\src\test\resources
2026-04-06 06:15:52,230 [Worker-98: Building] INFO  o.a.m.s.f.DefaultMavenResourcesFiltering - Copying 1 resource from src\main\resources to target\classes
2026-04-06 06:15:52,237 [Worker-98: Building] INFO  o.a.m.s.f.DefaultMavenResourcesFiltering - Copying 14 resources from src\main\resources to target\classes
2026-04-06 06:15:52,242 [Worker-98: Building] INFO  o.a.m.s.f.DefaultMavenResourcesFiltering - skip non existing resourceDirectory C:\Users\User\Downloads\QuestionBank-backend\QuestionBank-backend\questionbank\src\test\resources
2026-04-06 06:17:39,268 [Worker-111: Building] INFO  o.a.m.s.f.DefaultMavenResourcesFiltering - Copying 1 resource from src\main\resources to target\classes
2026-04-06 06:17:39,300 [Worker-111: Building] INFO  o.a.m.s.f.DefaultMavenResourcesFiltering - Copying 14 resources from src\main\resources to target\classes
2026-04-06 06:17:39,312 [Worker-111: Building] INFO  o.a.m.s.f.DefaultMavenResourcesFiltering - skip non existing resourceDirectory C:\Users\User\Downloads\QuestionBank-backend\QuestionBank-backend\questionbank\src\test\resources
2026-04-06 06:20:33,131 [Worker-110: Building] INFO  o.a.m.s.f.DefaultMavenResourcesFiltering - Copying 0 resource from src\main\resources to target\classes
2026-04-06 06:20:33,133 [Worker-110: Building] INFO  o.a.m.s.f.DefaultMavenResourcesFiltering - Copying 1 resource from src\main\resources to target\classes
2026-04-06 06:20:33,140 [Worker-110: Building] INFO  o.a.m.s.f.DefaultMavenResourcesFiltering - skip non existing resourceDirectory C:\Users\User\Downloads\QuestionBank-backend\QuestionBank-backend\questionbank\src\test\resources
2026-04-06 06:21:12,737 [Worker-105: Building] INFO  o.a.m.s.f.DefaultMavenResourcesFiltering - Copying 0 resource from src\main\resources to target\classes
2026-04-06 06:21:12,740 [Worker-105: Building] INFO  o.a.m.s.f.DefaultMavenResourcesFiltering - Copying 1 resource from src\main\resources to target\classes
2026-04-06 06:21:12,749 [Worker-105: Building] INFO  o.a.m.s.f.DefaultMavenResourcesFiltering - skip non existing resourceDirectory C:\Users\User\Downloads\QuestionBank-backend\QuestionBank-backend\questionbank\src\test\resources
2026-04-06 06:22:41,561 [Worker-105: Building] INFO  o.a.m.s.f.DefaultMavenResourcesFiltering - Copying 1 resource from src\main\resources to target\classes
2026-04-06 06:22:41,571 [Worker-105: Building] INFO  o.a.m.s.f.DefaultMavenResourcesFiltering - Copying 14 resources from src\main\resources to target\classes
2026-04-06 06:22:41,577 [Worker-105: Building] INFO  o.a.m.s.f.DefaultMavenResourcesFiltering - skip non existing resourceDirectory C:\Users\User\Downloads\QuestionBank-backend\QuestionBank-backend\questionbank\src\test\resources
2026-04-06 06:22:51,347 [Worker-110: Building] INFO  o.a.m.s.f.DefaultMavenResourcesFiltering - Copying 1 resource from src\main\resources to target\classes
2026-04-06 06:22:51,360 [Worker-110: Building] INFO  o.a.m.s.f.DefaultMavenResourcesFiltering - Copying 14 resources from src\main\resources to target\classes
2026-04-06 06:22:51,366 [Worker-110: Building] INFO  o.a.m.s.f.DefaultMavenResourcesFiltering - skip non existing resourceDirectory C:\Users\User\Downloads\QuestionBank-backend\QuestionBank-backend\questionbank\src\test\resources
2026-04-06 06:23:40,179 [Worker-111: Building] INFO  o.a.m.s.f.DefaultMavenResourcesFiltering - Copying 1 resource from src\main\resources to target\classes
2026-04-06 06:23:40,188 [Worker-111: Building] INFO  o.a.m.s.f.DefaultMavenResourcesFiltering - Copying 14 resources from src\main\resources to target\classes
2026-04-06 06:23:40,195 [Worker-111: Building] INFO  o.a.m.s.f.DefaultMavenResourcesFiltering - skip non existing resourceDirectory C:\Users\User\Downloads\QuestionBank-backend\QuestionBank-backend\questionbank\src\test\resources
2026-04-06 06:24:02,880 [Worker-109: Building] INFO  o.a.m.s.f.DefaultMavenResourcesFiltering - Copying 1 resource from src\main\resources to target\classes
2026-04-06 06:24:02,888 [Worker-109: Building] INFO  o.a.m.s.f.DefaultMavenResourcesFiltering - Copying 14 resources from src\main\resources to target\classes
2026-04-06 06:24:02,893 [Worker-109: Building] INFO  o.a.m.s.f.DefaultMavenResourcesFiltering - skip non existing resourceDirectory C:\Users\User\Downloads\QuestionBank-backend\QuestionBank-backend\questionbank\src\test\resources
2026-04-06 06:24:45,059 [Worker-112: Building] INFO  o.a.m.s.f.DefaultMavenResourcesFiltering - Copying 1 resource from src\main\resources to target\classes
2026-04-06 06:24:45,078 [Worker-112: Building] INFO  o.a.m.s.f.DefaultMavenResourcesFiltering - Copying 14 resources from src\main\resources to target\classes
2026-04-06 06:24:45,086 [Worker-112: Building] INFO  o.a.m.s.f.DefaultMavenResourcesFiltering - skip non existing resourceDirectory C:\Users\User\Downloads\QuestionBank-backend\QuestionBank-backend\questionbank\src\test\resources
2026-04-06 06:25:18,125 [Worker-111: Building] INFO  o.a.m.s.f.DefaultMavenResourcesFiltering - Copying 1 resource from src\main\resources to target\classes
2026-04-06 06:25:18,134 [Worker-111: Building] INFO  o.a.m.s.f.DefaultMavenResourcesFiltering - Copying 0 resource from src\main\resources to target\classes
2026-04-06 06:25:18,136 [Worker-111: Building] INFO  o.a.m.s.f.DefaultMavenResourcesFiltering - skip non existing resourceDirectory C:\Users\User\Downloads\QuestionBank-backend\QuestionBank-backend\questionbank\src\test\resources
2026-04-06 06:28:07,507 [Worker-105: Building] INFO  o.a.m.s.f.DefaultMavenResourcesFiltering - Copying 0 resource from src\main\resources to target\classes
2026-04-06 06:28:07,508 [Worker-105: Building] INFO  o.a.m.s.f.DefaultMavenResourcesFiltering - Copying 1 resource from src\main\resources to target\classes
2026-04-06 06:28:07,524 [Worker-105: Building] INFO  o.a.m.s.f.DefaultMavenResourcesFiltering - skip non existing resourceDirectory C:\Users\User\Downloads\QuestionBank-backend\QuestionBank-backend\questionbank\src\test\resources
2026-04-06 06:32:59,128 [Worker-114: Building] INFO  o.a.m.s.f.DefaultMavenResourcesFiltering - Copying 0 resource from src\main\resources to target\classes
2026-04-06 06:32:59,130 [Worker-114: Building] INFO  o.a.m.s.f.DefaultMavenResourcesFiltering - Copying 1 resource from src\main\resources to target\classes
2026-04-06 06:32:59,141 [Worker-114: Building] INFO  o.a.m.s.f.DefaultMavenResourcesFiltering - skip non existing resourceDirectory C:\Users\User\Downloads\QuestionBank-backend\QuestionBank-backend\questionbank\src\test\resources
2026-04-06 06:33:08,715 [Worker-111: Building] INFO  o.a.m.s.f.DefaultMavenResourcesFiltering - Copying 1 resource from src\main\resources to target\classes
2026-04-06 06:33:08,752 [Worker-111: Building] INFO  o.a.m.s.f.DefaultMavenResourcesFiltering - Copying 14 resources from src\main\resources to target\classes
2026-04-06 06:33:08,766 [Worker-111: Building] INFO  o.a.m.s.f.DefaultMavenResourcesFiltering - skip non existing resourceDirectory C:\Users\User\Downloads\QuestionBank-backend\QuestionBank-backend\questionbank\src\test\resources
2026-04-06 06:33:42,771 [Worker-98: Updating Maven Project] INFO  o.e.m.c.i.p.ProjectConfigurationManager - Update started
2026-04-06 06:33:43,327 [Worker-98: Updating Maven Project] INFO  o.e.m.c.i.l.LifecycleMappingFactory - Using org.eclipse.m2e.jdt.JarLifecycleMapping lifecycle mapping for MavenProject: com.tobi:questionbank:0.0.1-SNAPSHOT @ C:\Users\User\Downloads\QuestionBank-backend\QuestionBank-backend\questionbank\pom.xml.
2026-04-06 06:33:43,960 [Worker-98: Updating Maven Project] INFO  o.e.m.j.i.AbstractJavaProjectConfigurator - Adding source folder /questionbank/src/main/java
2026-04-06 06:33:43,960 [Worker-98: Updating Maven Project] INFO  o.e.m.j.i.AbstractJavaProjectConfigurator - Adding resource folder /questionbank/src/main/resources
2026-04-06 06:33:43,961 [Worker-98: Updating Maven Project] INFO  o.e.m.j.i.AbstractJavaProjectConfigurator - Adding resource folder /questionbank/src/main/resources
2026-04-06 06:33:43,961 [Worker-98: Updating Maven Project] INFO  o.e.m.j.i.AbstractJavaProjectConfigurator - Adding source folder /questionbank/src/test/java
2026-04-06 06:33:43,961 [Worker-98: Updating Maven Project] INFO  o.e.m.j.i.AbstractJavaProjectConfigurator - Adding resource folder /questionbank/src/test/resources
2026-04-06 06:33:44,479 [Worker-98: Updating Maven Project] INFO  o.e.m.c.i.p.ProjectConfigurationManager - Update completed for 1 poms: local refresh takes 0.00 sec, refresh facades takes 1.00 sec, update config takes 0.00 sec 
2026-04-06 06:33:44,818 [Worker-111: Building] INFO  o.a.m.s.f.DefaultMavenResourcesFiltering - Copying 1 resource from src\main\resources to target\classes
2026-04-06 06:33:44,833 [Worker-111: Building] INFO  o.a.m.s.f.DefaultMavenResourcesFiltering - Copying 14 resources from src\main\resources to target\classes
2026-04-06 06:33:44,855 [Worker-111: Building] INFO  o.a.m.s.f.DefaultMavenResourcesFiltering - skip non existing resourceDirectory C:\Users\User\Downloads\QuestionBank-backend\QuestionBank-backend\questionbank\src\test\resources
2026-04-06 14:26:35,292 [Worker-114: Building] INFO  o.a.m.s.f.DefaultMavenResourcesFiltering - Copying 1 resource from src\main\resources to target\classes
2026-04-06 14:26:35,307 [Worker-114: Building] INFO  o.a.m.s.f.DefaultMavenResourcesFiltering - Copying 14 resources from src\main\resources to target\classes
2026-04-06 14:26:35,324 [Worker-114: Building] INFO  o.a.m.s.f.DefaultMavenResourcesFiltering - skip non existing resourceDirectory C:\Users\User\Downloads\QuestionBank-backend\QuestionBank-backend\questionbank\src\test\resources
2026-04-06 14:27:09,499 [Worker-115: Building] INFO  o.a.m.s.f.DefaultMavenResourcesFiltering - Copying 1 resource from src\main\resources to target\classes
2026-04-06 14:27:09,513 [Worker-115: Building] INFO  o.a.m.s.f.DefaultMavenResourcesFiltering - Copying 14 resources from src\main\resources to target\classes
2026-04-06 14:27:09,521 [Worker-115: Building] INFO  o.a.m.s.f.DefaultMavenResourcesFiltering - skip non existing resourceDirectory C:\Users\User\Downloads\QuestionBank-backend\QuestionBank-backend\questionbank\src\test\resources
2026-04-06 14:27:53,749 [Worker-115: Updating Maven Project] INFO  o.e.m.c.i.p.ProjectConfigurationManager - Update started
2026-04-06 14:27:54,246 [Worker-115: Updating Maven Project] INFO  o.e.m.c.i.l.LifecycleMappingFactory - Using org.eclipse.m2e.jdt.JarLifecycleMapping lifecycle mapping for MavenProject: com.tobi:questionbank:0.0.1-SNAPSHOT @ C:\Users\User\Downloads\QuestionBank-backend\QuestionBank-backend\questionbank\pom.xml.
2026-04-06 14:27:54,932 [Worker-115: Updating Maven Project] INFO  o.e.m.j.i.AbstractJavaProjectConfigurator - Adding source folder /questionbank/src/main/java
2026-04-06 14:27:54,933 [Worker-115: Updating Maven Project] INFO  o.e.m.j.i.AbstractJavaProjectConfigurator - Adding resource folder /questionbank/src/main/resources
2026-04-06 14:27:54,935 [Worker-115: Updating Maven Project] INFO  o.e.m.j.i.AbstractJavaProjectConfigurator - Adding resource folder /questionbank/src/main/resources
2026-04-06 14:27:54,935 [Worker-115: Updating Maven Project] INFO  o.e.m.j.i.AbstractJavaProjectConfigurator - Adding source folder /questionbank/src/test/java
2026-04-06 14:27:54,936 [Worker-115: Updating Maven Project] INFO  o.e.m.j.i.AbstractJavaProjectConfigurator - Adding resource folder /questionbank/src/test/resources
2026-04-06 14:27:55,511 [Worker-115: Updating Maven Project] INFO  o.e.m.c.i.p.ProjectConfigurationManager - Update completed for 1 poms: local refresh takes 0.00 sec, refresh facades takes 1.00 sec, update config takes 0.00 sec 
2026-04-06 14:27:55,903 [Worker-98: Building] INFO  o.a.m.s.f.DefaultMavenResourcesFiltering - Copying 1 resource from src\main\resources to target\classes
2026-04-06 14:27:55,921 [Worker-98: Building] INFO  o.a.m.s.f.DefaultMavenResourcesFiltering - Copying 14 resources from src\main\resources to target\classes
2026-04-06 14:27:55,952 [Worker-98: Building] INFO  o.a.m.s.f.DefaultMavenResourcesFiltering - skip non existing resourceDirectory C:\Users\User\Downloads\QuestionBank-backend\QuestionBank-backend\questionbank\src\test\resources
2026-04-06 14:29:03,065 [Worker-98: Building] INFO  o.a.m.s.f.DefaultMavenResourcesFiltering - Copying 1 resource from src\main\resources to target\classes
2026-04-06 14:29:03,091 [Worker-98: Building] INFO  o.a.m.s.f.DefaultMavenResourcesFiltering - Copying 14 resources from src\main\resources to target\classes
2026-04-06 14:29:03,099 [Worker-98: Building] INFO  o.a.m.s.f.DefaultMavenResourcesFiltering - skip non existing resourceDirectory C:\Users\User\Downloads\QuestionBank-backend\QuestionBank-backend\questionbank\src\test\resources
2026-04-06 16:14:59,545 [Worker-120: Building] INFO  o.a.m.s.f.DefaultMavenResourcesFiltering - Copying 0 resource from src\main\resources to target\classes
2026-04-06 16:14:59,551 [Worker-120: Building] INFO  o.a.m.s.f.DefaultMavenResourcesFiltering - Copying 1 resource from src\main\resources to target\classes
2026-04-06 16:14:59,560 [Worker-120: Building] INFO  o.a.m.s.f.DefaultMavenResourcesFiltering - skip non existing resourceDirectory C:\Users\User\Downloads\QuestionBank-backend\QuestionBank-backend\questionbank\src\test\resources
2026-04-06 22:42:04,916 [Worker-126: Building] INFO  o.a.m.s.f.DefaultMavenResourcesFiltering - Copying 0 resource from src\main\resources to target\classes
2026-04-06 22:42:04,926 [Worker-126: Building] INFO  o.a.m.s.f.DefaultMavenResourcesFiltering - Copying 7 resources from src\main\resources to target\classes
2026-04-06 22:42:04,988 [Worker-126: Building] INFO  o.a.m.s.f.DefaultMavenResourcesFiltering - skip non existing resourceDirectory C:\Users\User\Downloads\QuestionBank-backend\QuestionBank-backend\questionbank\src\test\resources
2026-04-06 22:52:36,663 [Worker-125: Building] INFO  o.a.m.s.f.DefaultMavenResourcesFiltering - Copying 0 resource from src\main\resources to target\classes
2026-04-06 22:52:36,674 [Worker-125: Building] INFO  o.a.m.s.f.DefaultMavenResourcesFiltering - Copying 0 resource from src\main\resources to target\classes
2026-04-06 22:52:36,688 [Worker-125: Building] INFO  o.a.m.s.f.DefaultMavenResourcesFiltering - skip non existing resourceDirectory C:\Users\User\Downloads\QuestionBank-backend\QuestionBank-backend\questionbank\src\test\resources
2026-04-06 22:52:41,435 [Worker-129: Building] INFO  o.a.m.s.f.DefaultMavenResourcesFiltering - Copying 0 resource from src\main\resources to target\classes
2026-04-06 22:52:41,439 [Worker-129: Building] INFO  o.a.m.s.f.DefaultMavenResourcesFiltering - Copying 1 resource from src\main\resources to target\classes
2026-04-06 22:52:41,447 [Worker-129: Building] INFO  o.a.m.s.f.DefaultMavenResourcesFiltering - skip non existing resourceDirectory C:\Users\User\Downloads\QuestionBank-backend\QuestionBank-backend\questionbank\src\test\resources
2026-04-06 22:52:56,419 [Worker-128: Building] INFO  o.a.m.s.f.DefaultMavenResourcesFiltering - Copying 0 resource from src\main\resources to target\classes
2026-04-06 22:52:56,430 [Worker-128: Building] INFO  o.a.m.s.f.DefaultMavenResourcesFiltering - Copying 0 resource from src\main\resources to target\classes
2026-04-06 22:52:56,443 [Worker-128: Building] INFO  o.a.m.s.f.DefaultMavenResourcesFiltering - skip non existing resourceDirectory C:\Users\User\Downloads\QuestionBank-backend\QuestionBank-backend\questionbank\src\test\resources
2026-04-06 22:53:28,191 [Worker-129: Building] INFO  o.a.m.s.f.DefaultMavenResourcesFiltering - Copying 1 resource from src\main\resources to target\classes
2026-04-06 22:53:28,300 [Worker-129: Building] INFO  o.a.m.s.f.DefaultMavenResourcesFiltering - Copying 13 resources from src\main\resources to target\classes
2026-04-06 22:53:28,322 [Worker-129: Building] INFO  o.a.m.s.f.DefaultMavenResourcesFiltering - skip non existing resourceDirectory C:\Users\User\Downloads\QuestionBank-backend\QuestionBank-backend\questionbank\src\test\resources
2026-04-06 22:53:47,399 [Worker-125: Updating Maven Project] INFO  o.e.m.c.i.p.ProjectConfigurationManager - Update started
2026-04-06 22:53:48,160 [Worker-125: Updating Maven Project] INFO  o.e.m.c.i.l.LifecycleMappingFactory - Using org.eclipse.m2e.jdt.JarLifecycleMapping lifecycle mapping for MavenProject: com.tobi:questionbank:0.0.1-SNAPSHOT @ C:\Users\User\Downloads\QuestionBank-backend\QuestionBank-backend\questionbank\pom.xml.
2026-04-06 22:53:48,969 [Worker-125: Updating Maven Project] INFO  o.e.m.j.i.AbstractJavaProjectConfigurator - Adding source folder /questionbank/src/main/java
2026-04-06 22:53:48,970 [Worker-125: Updating Maven Project] INFO  o.e.m.j.i.AbstractJavaProjectConfigurator - Adding resource folder /questionbank/src/main/resources
2026-04-06 22:53:48,970 [Worker-125: Updating Maven Project] INFO  o.e.m.j.i.AbstractJavaProjectConfigurator - Adding resource folder /questionbank/src/main/resources
2026-04-06 22:53:48,970 [Worker-125: Updating Maven Project] INFO  o.e.m.j.i.AbstractJavaProjectConfigurator - Adding source folder /questionbank/src/test/java
2026-04-06 22:53:48,971 [Worker-125: Updating Maven Project] INFO  o.e.m.j.i.AbstractJavaProjectConfigurator - Adding resource folder /questionbank/src/test/resources
2026-04-06 22:53:49,480 [Worker-125: Updating Maven Project] INFO  o.e.m.c.i.p.ProjectConfigurationManager - Update completed for 1 poms: local refresh takes 0.00 sec, refresh facades takes 1.00 sec, update config takes 0.00 sec 
2026-04-06 22:53:49,972 [Worker-129: Building] INFO  o.a.m.s.f.DefaultMavenResourcesFiltering - Copying 1 resource from src\main\resources to target\classes
2026-04-06 22:53:49,994 [Worker-129: Building] INFO  o.a.m.s.f.DefaultMavenResourcesFiltering - Copying 13 resources from src\main\resources to target\classes
2026-04-06 22:53:50,028 [Worker-129: Building] INFO  o.a.m.s.f.DefaultMavenResourcesFiltering - skip non existing resourceDirectory C:\Users\User\Downloads\QuestionBank-backend\QuestionBank-backend\questionbank\src\test\resources
2026-04-06 22:59:58,222 [Worker-126: Building] INFO  o.a.m.s.f.DefaultMavenResourcesFiltering - Copying 1 resource from src\main\resources to target\classes
2026-04-06 22:59:58,249 [Worker-126: Building] INFO  o.a.m.s.f.DefaultMavenResourcesFiltering - Copying 13 resources from src\main\resources to target\classes
2026-04-06 22:59:58,265 [Worker-126: Building] INFO  o.a.m.s.f.DefaultMavenResourcesFiltering - skip non existing resourceDirectory C:\Users\User\Downloads\QuestionBank-backend\QuestionBank-backend\questionbank\src\test\resources
2026-04-06 23:00:54,354 [Worker-128: Building] INFO  o.a.m.s.f.DefaultMavenResourcesFiltering - Copying 1 resource from src\main\resources to target\classes
2026-04-06 23:00:54,408 [Worker-128: Building] INFO  o.a.m.s.f.DefaultMavenResourcesFiltering - Copying 13 resources from src\main\resources to target\classes
2026-04-06 23:00:54,415 [Worker-128: Building] INFO  o.a.m.s.f.DefaultMavenResourcesFiltering - skip non existing resourceDirectory C:\Users\User\Downloads\QuestionBank-backend\QuestionBank-backend\questionbank\src\test\resources
2026-04-08 02:30:32,357 [Worker-152: Building] INFO  o.a.m.s.f.DefaultMavenResourcesFiltering - Copying 1 resource from src\main\resources to target\classes
2026-04-08 02:30:32,386 [Worker-152: Building] INFO  o.a.m.s.f.DefaultMavenResourcesFiltering - Copying 13 resources from src\main\resources to target\classes
2026-04-08 02:30:32,406 [Worker-152: Building] INFO  o.a.m.s.f.DefaultMavenResourcesFiltering - skip non existing resourceDirectory C:\Users\User\Downloads\QuestionBank-backend\QuestionBank-backend\questionbank\src\test\resources
2026-04-08 02:31:06,777 [Worker-152: Building] INFO  o.a.m.s.f.DefaultMavenResourcesFiltering - Copying 1 resource from src\main\resources to target\classes
2026-04-08 02:31:06,797 [Worker-152: Building] INFO  o.a.m.s.f.DefaultMavenResourcesFiltering - Copying 13 resources from src\main\resources to target\classes
2026-04-08 02:31:06,810 [Worker-152: Building] INFO  o.a.m.s.f.DefaultMavenResourcesFiltering - skip non existing resourceDirectory C:\Users\User\Downloads\QuestionBank-backend\QuestionBank-backend\questionbank\src\test\resources
2026-04-08 02:33:07,761 [Worker-151: Building] INFO  o.a.m.s.f.DefaultMavenResourcesFiltering - Copying 0 resource from src\main\resources to target\classes
2026-04-08 02:33:07,766 [Worker-151: Building] INFO  o.a.m.s.f.DefaultMavenResourcesFiltering - Copying 1 resource from src\main\resources to target\classes
2026-04-08 02:33:07,780 [Worker-151: Building] INFO  o.a.m.s.f.DefaultMavenResourcesFiltering - skip non existing resourceDirectory C:\Users\User\Downloads\QuestionBank-backend\QuestionBank-backend\questionbank\src\test\resources
2026-04-08 02:34:52,338 [Worker-140: Building] INFO  o.a.m.s.f.DefaultMavenResourcesFiltering - Copying 1 resource from src\main\resources to target\classes
2026-04-08 02:34:52,365 [Worker-140: Building] INFO  o.a.m.s.f.DefaultMavenResourcesFiltering - Copying 14 resources from src\main\resources to target\classes
2026-04-08 02:34:52,388 [Worker-140: Building] INFO  o.a.m.s.f.DefaultMavenResourcesFiltering - skip non existing resourceDirectory C:\Users\User\Downloads\QuestionBank-backend\QuestionBank-backend\questionbank\src\test\resources
2026-04-08 02:44:32,849 [Worker-0: Loading available Gradle versions] INFO  o.e.b.c.i.u.g.PublishedGradleVersions - Gradle version information cache is out-of-date. Trying to update.
